<?xml version="1.0" encoding="UTF-8"?>
<!-- Generated by org.testng.reporters.JUnitReportReporter -->
<testsuite skipped="0" hostname="perminders" name="firsttestngpackage.hompage" tests="1" failures="0" timestamp="18 Jun 2019 05:37:43 GMT" time="0.030" errors="0">
  <testcase name="f" time="0.030" classname="firsttestngpackage.hompage"/>
</testsuite> <!-- firsttestngpackage.hompage -->
